<?xml version="1.0" encoding="UTF-8"?>
<checkstyle version="6.11.2">
<file name="D:\workspace\Watch\src\main\java\ua\frank\watch\Watch.java">
<error line="0" severity="error" message="File does not end with a newline." source="com.puppycrawl.tools.checkstyle.checks.NewlineAtEndOfFileCheck"/>
<error line="0" severity="error" message="Missing package-info.java file." source="com.puppycrawl.tools.checkstyle.checks.javadoc.JavadocPackageCheck"/>
<error line="19" column="1" severity="error" message="File contains tab characters (this is the first instance)." source="com.puppycrawl.tools.checkstyle.checks.whitespace.FileTabCharacterCheck"/>
<error line="47" severity="error" message="Line has trailing spaces." source="com.puppycrawl.tools.checkstyle.checks.regexp.RegexpSinglelineCheck"/>
<error line="52" column="33" severity="error" message="Parameter args should be final." source="com.puppycrawl.tools.checkstyle.checks.FinalParametersCheck"/>
<error line="52" column="42" severity="error" message="Expected @param tag for &apos;args&apos;." source="com.puppycrawl.tools.checkstyle.checks.javadoc.JavadocMethodCheck"/>
<error line="55" severity="error" message="Line is longer than 80 characters (found 87)." source="com.puppycrawl.tools.checkstyle.checks.sizes.LineLengthCheck"/>
<error line="57" severity="error" message="Line is longer than 80 characters (found 87)." source="com.puppycrawl.tools.checkstyle.checks.sizes.LineLengthCheck"/>
<error line="65" severity="error" message="Line has trailing spaces." source="com.puppycrawl.tools.checkstyle.checks.regexp.RegexpSinglelineCheck"/>
<error line="66" severity="error" message="Line is longer than 80 characters (found 107)." source="com.puppycrawl.tools.checkstyle.checks.sizes.LineLengthCheck"/>
<error line="67" severity="error" message="Line has trailing spaces." source="com.puppycrawl.tools.checkstyle.checks.regexp.RegexpSinglelineCheck"/>
<error line="68" severity="error" message="Line is longer than 80 characters (found 103)." source="com.puppycrawl.tools.checkstyle.checks.sizes.LineLengthCheck"/>
<error line="69" severity="error" message="Line has trailing spaces." source="com.puppycrawl.tools.checkstyle.checks.regexp.RegexpSinglelineCheck"/>
<error line="70" severity="error" message="Line is longer than 80 characters (found 103)." source="com.puppycrawl.tools.checkstyle.checks.sizes.LineLengthCheck"/>
<error line="72" severity="error" message="Line has trailing spaces." source="com.puppycrawl.tools.checkstyle.checks.regexp.RegexpSinglelineCheck"/>
<error line="79" column="9" severity="error" message="Method &apos;readPropertyFile&apos; is not designed for extension - needs to be abstract, final or empty." source="com.puppycrawl.tools.checkstyle.checks.design.DesignForExtensionCheck"/>
<error line="79" column="40" severity="error" message="Parameter source should be final." source="com.puppycrawl.tools.checkstyle.checks.FinalParametersCheck"/>
<error line="79" column="54" severity="error" message="&apos;,&apos; is not followed by whitespace." source="com.puppycrawl.tools.checkstyle.checks.whitespace.WhitespaceAfterCheck"/>
<error line="79" column="54" severity="error" message="Parameter key should be final." source="com.puppycrawl.tools.checkstyle.checks.FinalParametersCheck"/>
<error line="80" severity="error" message="Line is longer than 80 characters (found 106)." source="com.puppycrawl.tools.checkstyle.checks.sizes.LineLengthCheck"/>
<error line="89" severity="error" message="Line has trailing spaces." source="com.puppycrawl.tools.checkstyle.checks.regexp.RegexpSinglelineCheck"/>
<error line="94" column="9" severity="error" message="Method &apos;convertTime&apos; is not designed for extension - needs to be abstract, final or empty." source="com.puppycrawl.tools.checkstyle.checks.design.DesignForExtensionCheck"/>
<error line="94" column="33" severity="error" message="Parameter timeFormat should be final." source="com.puppycrawl.tools.checkstyle.checks.FinalParametersCheck"/>
<error line="94" column="59" severity="error" message="Expected @throws tag for &apos;ParseException&apos;." source="com.puppycrawl.tools.checkstyle.checks.javadoc.JavadocMethodCheck"/>
<error line="95" severity="error" message="Line has trailing spaces." source="com.puppycrawl.tools.checkstyle.checks.regexp.RegexpSinglelineCheck"/>
<error line="95" severity="error" message="Line is longer than 80 characters (found 87)." source="com.puppycrawl.tools.checkstyle.checks.sizes.LineLengthCheck"/>
<error line="95" column="74" severity="error" message="&apos;(&apos; is preceded with whitespace." source="com.puppycrawl.tools.checkstyle.checks.whitespace.MethodParamPadCheck"/>
<error line="105" severity="error" message="Line is longer than 80 characters (found 95)." source="com.puppycrawl.tools.checkstyle.checks.sizes.LineLengthCheck"/>
<error line="106" severity="error" message="Unused Javadoc tag." source="com.puppycrawl.tools.checkstyle.checks.javadoc.JavadocMethodCheck"/>
<error line="108" column="9" severity="error" message="Method &apos;initializeAngle&apos; is not designed for extension - needs to be abstract, final or empty." source="com.puppycrawl.tools.checkstyle.checks.design.DesignForExtensionCheck"/>
<error line="112" severity="error" message="Line is longer than 80 characters (found 135)." source="com.puppycrawl.tools.checkstyle.checks.sizes.LineLengthCheck"/>
<error line="112" column="30" severity="error" message="Name &apos;HOUR_ANGLE&apos; must match pattern &apos;^[a-z][a-zA-Z0-9]*$&apos;." source="com.puppycrawl.tools.checkstyle.checks.naming.LocalFinalVariableNameCheck"/>
<error line="116" column="30" severity="error" message="Name &apos;SEC_MIN_ANGLE&apos; must match pattern &apos;^[a-z][a-zA-Z0-9]*$&apos;." source="com.puppycrawl.tools.checkstyle.checks.naming.LocalFinalVariableNameCheck"/>
<error line="118" severity="error" message="Line is longer than 80 characters (found 94)." source="com.puppycrawl.tools.checkstyle.checks.sizes.LineLengthCheck"/>
<error line="120" column="30" severity="error" message="Name &apos;CORRECTION_MINUTE&apos; must match pattern &apos;^[a-z][a-zA-Z0-9]*$&apos;." source="com.puppycrawl.tools.checkstyle.checks.naming.LocalFinalVariableNameCheck"/>
<error line="122" severity="error" message="Line is longer than 80 characters (found 90)." source="com.puppycrawl.tools.checkstyle.checks.sizes.LineLengthCheck"/>
<error line="124" column="30" severity="error" message="Name &apos;CORRECTION_HOUR&apos; must match pattern &apos;^[a-z][a-zA-Z0-9]*$&apos;." source="com.puppycrawl.tools.checkstyle.checks.naming.LocalFinalVariableNameCheck"/>
<error line="125" severity="error" message="Line has trailing spaces." source="com.puppycrawl.tools.checkstyle.checks.regexp.RegexpSinglelineCheck"/>
<error line="127" severity="error" message="Line is longer than 80 characters (found 82)." source="com.puppycrawl.tools.checkstyle.checks.sizes.LineLengthCheck"/>
<error line="137" severity="error" message="Line is longer than 80 characters (found 90)." source="com.puppycrawl.tools.checkstyle.checks.sizes.LineLengthCheck"/>
<error line="137" column="9" severity="error" message="Method &apos;getAngleBetweenHourAndSecond&apos; is not designed for extension - needs to be abstract, final or empty." source="com.puppycrawl.tools.checkstyle.checks.design.DesignForExtensionCheck"/>
<error line="137" column="52" severity="error" message="Parameter secondAngle should be final." source="com.puppycrawl.tools.checkstyle.checks.FinalParametersCheck"/>
<error line="137" column="59" severity="error" message="&apos;secondAngle&apos; hides a field." source="com.puppycrawl.tools.checkstyle.checks.coding.HiddenFieldCheck"/>
<error line="137" column="72" severity="error" message="Parameter hourAngle should be final." source="com.puppycrawl.tools.checkstyle.checks.FinalParametersCheck"/>
<error line="137" column="79" severity="error" message="&apos;hourAngle&apos; hides a field." source="com.puppycrawl.tools.checkstyle.checks.coding.HiddenFieldCheck"/>
<error line="140" severity="error" message="Line has trailing spaces." source="com.puppycrawl.tools.checkstyle.checks.regexp.RegexpSinglelineCheck"/>
<error line="147" severity="error" message="Line is longer than 80 characters (found 90)." source="com.puppycrawl.tools.checkstyle.checks.sizes.LineLengthCheck"/>
<error line="147" column="9" severity="error" message="Method &apos;getAngleBetweenMinuteAndHour&apos; is not designed for extension - needs to be abstract, final or empty." source="com.puppycrawl.tools.checkstyle.checks.design.DesignForExtensionCheck"/>
<error line="147" column="52" severity="error" message="Parameter hourAngle should be final." source="com.puppycrawl.tools.checkstyle.checks.FinalParametersCheck"/>
<error line="147" column="59" severity="error" message="&apos;hourAngle&apos; hides a field." source="com.puppycrawl.tools.checkstyle.checks.coding.HiddenFieldCheck"/>
<error line="147" column="70" severity="error" message="Parameter minuteAngle should be final." source="com.puppycrawl.tools.checkstyle.checks.FinalParametersCheck"/>
<error line="147" column="77" severity="error" message="&apos;minuteAngle&apos; hides a field." source="com.puppycrawl.tools.checkstyle.checks.coding.HiddenFieldCheck"/>
<error line="157" severity="error" message="Line is longer than 80 characters (found 94)." source="com.puppycrawl.tools.checkstyle.checks.sizes.LineLengthCheck"/>
<error line="157" column="9" severity="error" message="Method &apos;getAngleBetweenMinuteAndSecond&apos; is not designed for extension - needs to be abstract, final or empty." source="com.puppycrawl.tools.checkstyle.checks.design.DesignForExtensionCheck"/>
<error line="157" column="54" severity="error" message="Parameter minuteAngle should be final." source="com.puppycrawl.tools.checkstyle.checks.FinalParametersCheck"/>
<error line="157" column="61" severity="error" message="&apos;minuteAngle&apos; hides a field." source="com.puppycrawl.tools.checkstyle.checks.coding.HiddenFieldCheck"/>
<error line="157" column="74" severity="error" message="Parameter secondAngle should be final." source="com.puppycrawl.tools.checkstyle.checks.FinalParametersCheck"/>
<error line="157" column="81" severity="error" message="&apos;secondAngle&apos; hides a field." source="com.puppycrawl.tools.checkstyle.checks.coding.HiddenFieldCheck"/>
<error line="161" column="9" severity="error" message="Method &apos;getTime&apos; is not designed for extension - needs to be abstract, final or empty." source="com.puppycrawl.tools.checkstyle.checks.design.DesignForExtensionCheck"/>
<error line="161" column="9" severity="error" message="Missing a Javadoc comment." source="com.puppycrawl.tools.checkstyle.checks.javadoc.JavadocMethodCheck"/>
<error line="165" column="9" severity="error" message="Method &apos;setTime&apos; is not designed for extension - needs to be abstract, final or empty." source="com.puppycrawl.tools.checkstyle.checks.design.DesignForExtensionCheck"/>
<error line="165" column="9" severity="error" message="Missing a Javadoc comment." source="com.puppycrawl.tools.checkstyle.checks.javadoc.JavadocMethodCheck"/>
<error line="165" column="29" severity="error" message="Parameter time should be final." source="com.puppycrawl.tools.checkstyle.checks.FinalParametersCheck"/>
<error line="165" column="36" severity="error" message="&apos;time&apos; hides a field." source="com.puppycrawl.tools.checkstyle.checks.coding.HiddenFieldCheck"/>
<error line="169" column="9" severity="error" message="Method &apos;getHour&apos; is not designed for extension - needs to be abstract, final or empty." source="com.puppycrawl.tools.checkstyle.checks.design.DesignForExtensionCheck"/>
<error line="169" column="9" severity="error" message="Missing a Javadoc comment." source="com.puppycrawl.tools.checkstyle.checks.javadoc.JavadocMethodCheck"/>
<error line="173" column="9" severity="error" message="Method &apos;getMinute&apos; is not designed for extension - needs to be abstract, final or empty." source="com.puppycrawl.tools.checkstyle.checks.design.DesignForExtensionCheck"/>
<error line="173" column="9" severity="error" message="Missing a Javadoc comment." source="com.puppycrawl.tools.checkstyle.checks.javadoc.JavadocMethodCheck"/>
<error line="177" column="9" severity="error" message="Method &apos;getSecond&apos; is not designed for extension - needs to be abstract, final or empty." source="com.puppycrawl.tools.checkstyle.checks.design.DesignForExtensionCheck"/>
<error line="177" column="9" severity="error" message="Missing a Javadoc comment." source="com.puppycrawl.tools.checkstyle.checks.javadoc.JavadocMethodCheck"/>
<error line="181" column="9" severity="error" message="Method &apos;getHourAngle&apos; is not designed for extension - needs to be abstract, final or empty." source="com.puppycrawl.tools.checkstyle.checks.design.DesignForExtensionCheck"/>
<error line="181" column="9" severity="error" message="Missing a Javadoc comment." source="com.puppycrawl.tools.checkstyle.checks.javadoc.JavadocMethodCheck"/>
<error line="185" column="9" severity="error" message="Method &apos;getMinuteAngle&apos; is not designed for extension - needs to be abstract, final or empty." source="com.puppycrawl.tools.checkstyle.checks.design.DesignForExtensionCheck"/>
<error line="185" column="9" severity="error" message="Missing a Javadoc comment." source="com.puppycrawl.tools.checkstyle.checks.javadoc.JavadocMethodCheck"/>
<error line="189" column="9" severity="error" message="Method &apos;getSecondAngle&apos; is not designed for extension - needs to be abstract, final or empty." source="com.puppycrawl.tools.checkstyle.checks.design.DesignForExtensionCheck"/>
<error line="189" column="9" severity="error" message="Missing a Javadoc comment." source="com.puppycrawl.tools.checkstyle.checks.javadoc.JavadocMethodCheck"/>
</file>
<file name="D:\workspace\Watch\src\main\resources\config.properties">
<error line="0" severity="error" message="File does not end with a newline." source="com.puppycrawl.tools.checkstyle.checks.NewlineAtEndOfFileCheck"/>
</file>
</checkstyle>
